<?xml version="1.0" encoding="UTF-8"?><testsuite errors="1" failures="0" name="Search a fly in avianca page and select the second in the result" skipped="0" tests="1" time="4.55" timestamp="2021-03-14 08:29:39"><testcase name="Select the second flight from the result of a search in avianca"><error message="Could not instantiate new WebDriver instance of type class org.openqa.selenium.firefox.FirefoxDriver (The path to the driver executable must be set by the webdriver.gecko.driver system property; for more information, see https://github.com/mozilla/geckodriver. The latest version can be downloaded from https://github.com/mozilla/geckodriver/releases). See below for more details." type="net.thucydides.core.webdriver.DriverConfigurationError">Could not instantiate new WebDriver instance of type class org.openqa.selenium.firefox.FirefoxDriver (The path to the driver executable must be set by the webdriver.gecko.driver system property; for more information, see https://github.com/mozilla/geckodriver. The latest version can be downloaded from https://github.com/mozilla/geckodriver/releases). See below for more details.</error><system-err>Could not instantiate new WebDriver instance of type class org.openqa.selenium.firefox.FirefoxDriver (The path to the driver executable must be set by the webdriver.gecko.driver system property; for more information, see https://github.com/mozilla/geckodriver. The latest version can be downloaded from https://github.com/mozilla/geckodriver/releases). See below for more details.&#13;
Avianca.Steps.AviancaHomeSteps.openAviancaHomePage(AviancaHomeSteps.java:11)&#13;
Avianca.Definitions.AviancaDefinition.that_costumer_open_up_avianca_page(AviancaDefinition.java:17)&#13;
cucumber.runner.Runner.runPickle(Runner.java:80)&#13;
</system-err></testcase></testsuite>